
ROM used:   111/8192 (1%)
            111/8192 (1%) including unused fragments

            0.1 Average locations per line
            5.6 Average locations per statement

RAM used:   7/368 (2%) at main() level
            7/368 (2%) worst case

Stack used: 1 worst case (1 in main + 0 for interrupts)
Stack size: 8

Lines Stmts  %   Files
----- ----- ---  -----
   30    20 100  Practica Parcial 1.c
   10     0   0  Practica Parcial 1.h
  769     0   0  ..\..\..\..\..\..\..\..\..\Program Files (x86)\PICC\Devices\16F887.h
----- -----
  809    20 Total

Page ROM  %  RAM    Vol Diff  Functions:
---- --- --- ---    --- ----  ----------
0     21  19    1             @delay_ms1
0     86  77    1    458  3.8  main
 Inline         0             @cinit1

Program metrics:
    Functions               1
    Statements              20
    Comments                134
    Volume (V)              464
    Difficulty (D)          3.6
    Effort to implement (E) 1669
    Time to implement (T)   2 minutes
    Est Delivered Bugs (B)  0
    Cyclomatic Complexity   2
    Maintainability (MI)    50

 Segment     Used  Free
-----------  ----  ----
00000-00003     4  0  
00004-007FF   107  1937  
00800-00FFF     0  2048  
01000-017FF     0  2048  
01800-01FFF     0  2048  



